e:\学习\计算机图形学\final project\final_projecct]aa\final_projecct2020\meshviewer_project-stu\meshviewer\debug\vc141.pdb
e:\学习\计算机图形学\final project\final_projecct]aa\final_projecct2020\meshviewer_project-stu\meshviewer\debug\vc141.idb
e:\学习\计算机图形学\final project\final_projecct]aa\final_projecct2020\meshviewer_project-stu\meshviewer\debug\read_write.obj
e:\学习\计算机图形学\final project\final_projecct]aa\final_projecct2020\meshviewer_project-stu\meshviewer\debug\exkernelt.obj
e:\学习\计算机图形学\final project\final_projecct]aa\final_projecct2020\meshviewer_project-stu\meshviewer\debug\kernelt.obj
e:\学习\计算机图形学\final project\final_projecct]aa\final_projecct2020\meshviewer_project-stu\meshviewer\debug\basehandle.obj
e:\学习\计算机图形学\final project\final_projecct]aa\final_projecct2020\meshviewer_project-stu\meshviewer\debug\meshviewer.obj
e:\学习\计算机图形学\final project\final_projecct]aa\final_projecct2020\meshviewer_project-stu\debug\meshviewer.ilk
e:\学习\计算机图形学\final project\final_projecct]aa\final_projecct2020\meshviewer_project-stu\debug\meshviewer.exe
e:\学习\计算机图形学\final project\final_projecct]aa\final_projecct2020\meshviewer_project-stu\meshviewer\debug\meshviewer.exe.intermediate.manifest
e:\学习\计算机图形学\final project\final_projecct]aa\final_projecct2020\meshviewer_project-stu\debug\meshviewer.pdb
e:\学习\计算机图形学\final project\final_projecct]aa\final_projecct2020\meshviewer_project-stu\debug\meshviewer.exe.manifest
e:\学习\计算机图形学\final project\final_projecct]aa\final_projecct2020\meshviewer_project-stu\meshviewer\debug\meshviewer.tlog\cl.command.1.tlog
e:\学习\计算机图形学\final project\final_projecct]aa\final_projecct2020\meshviewer_project-stu\meshviewer\debug\meshviewer.tlog\cl.read.1.tlog
e:\学习\计算机图形学\final project\final_projecct]aa\final_projecct2020\meshviewer_project-stu\meshviewer\debug\meshviewer.tlog\cl.write.1.tlog
e:\学习\计算机图形学\final project\final_projecct]aa\final_projecct2020\meshviewer_project-stu\meshviewer\debug\meshviewer.tlog\link.command.1.tlog
e:\学习\计算机图形学\final project\final_projecct]aa\final_projecct2020\meshviewer_project-stu\meshviewer\debug\meshviewer.tlog\link.read.1.tlog
e:\学习\计算机图形学\final project\final_projecct]aa\final_projecct2020\meshviewer_project-stu\meshviewer\debug\meshviewer.tlog\link.write.1.tlog
e:\学习\计算机图形学\final project\final_projecct]aa\final_projecct2020\meshviewer_project-stu\meshviewer\debug\meshviewer.tlog\mt.command.1.tlog
e:\学习\计算机图形学\final project\final_projecct]aa\final_projecct2020\meshviewer_project-stu\meshviewer\debug\meshviewer.tlog\mt.read.1.tlog
e:\学习\计算机图形学\final project\final_projecct]aa\final_projecct2020\meshviewer_project-stu\meshviewer\debug\meshviewer.tlog\mt.write.1.tlog
